<?xml version="1.0" encoding="UTF-8"?>
<!-- Generated by org.testng.reporters.JUnitXMLReporter -->
<testsuite ignored="5" hostname="DESKTOP-236ANO0" failures="0" tests="1" name="Test" time="0.084" errors="0" timestamp="2023-04-16T09:24:06 IST">
  <testcase classname="groups.testngbasics" name="lki" time="0.014"/>
  <testcase classname="groups.testngbasics" name="signup" time="0.0">
    <ignored/>
  </testcase> <!-- signup -->
  <testcase classname="groups.testngbasics" name="logout" time="0.0">
    <ignored/>
  </testcase> <!-- logout -->
  <testcase classname="groups.testngbasics" name="login" time="0.0">
    <ignored/>
  </testcase> <!-- login -->
  <testcase classname="groups.testngbasics" name="cart" time="0.0">
    <ignored/>
  </testcase> <!-- cart -->
  <testcase classname="groups.testngbasics" name="wishlist" time="0.0">
    <ignored/>
  </testcase> <!-- wishlist -->
</testsuite> <!-- Test -->
