<?xml version="1.0" encoding="UTF-8"?>
<!-- Generated by org.testng.reporters.JUnitXMLReporter -->
<testsuite ignored="0" hostname="DESKTOP-236ANO0" failures="0" tests="1" name="Test" time="0.22" errors="0" timestamp="2023-04-24T16:40:26 IST">
  <testcase classname="mymvp.Baseclass" name="@BeforeMethod main" time="-1.682334626348E9">
    <failure type="org.testng.TestNGException" message="
Can inject only one of &amp;lt;ITestContext, XmlTest, Method, Object[], ITestResult&amp;gt; into a @BeforeMethod annotated main.
For more information on native dependency injection please refer to https://testng.org/doc/documentation-main.html#native-dependency-injection">
      <![CDATA[org.testng.TestNGException: 
Can inject only one of <ITestContext, XmlTest, Method, Object[], ITestResult> into a @BeforeMethod annotated main.
For more information on native dependency injection please refer to https://testng.org/doc/documentation-main.html#native-dependency-injection
at java.base/java.util.ArrayList.forEach(ArrayList.java:1511)
... Removed 28 stack frames]]>
    </failure>
  </testcase> <!-- @BeforeMethod main -->
  <testcase classname="mymvp.Baseclass" name="@AfterMethod closeapp" time="0.0">
    <skipped/>
  </testcase> <!-- @AfterMethod closeapp -->
  <testcase classname="mymvp.Ts" name="login" time="0.001">
    <skipped/>
  </testcase> <!-- login -->
</testsuite> <!-- Test -->
