<?xml version="1.0" encoding="UTF-8"?>
<testng-results ignored="0" total="3" passed="3" failed="0" skipped="0">
  <reporter-output>
  </reporter-output>
  <suite started-at="2023-04-16T10:01:56 IST" name="Default suite" finished-at="2023-04-16T10:01:56 IST" duration-ms="123">
    <groups>
    </groups>
    <test started-at="2023-04-16T10:01:56 IST" name="Default test" finished-at="2023-04-16T10:01:56 IST" duration-ms="123">
      <class name="paramaterization.dataaccepting">
        <test-method signature="logintest(java.lang.String,java.lang.String)[pri:0, instance:paramaterization.dataaccepting@f381794]" started-at="2023-04-16T10:01:56 IST" name="logintest" data-provider="logindataprovider" finished-at="2023-04-16T10:01:56 IST" duration-ms="13" status="PASS">
          <params>
            <param index="0">
              <value>
                <![CDATA[abcd@gmail.com]]>
              </value>
            </param>
            <param index="1">
              <value>
                <![CDATA[asdfg]]>
              </value>
            </param>
          </params>
          <reporter-output>
          </reporter-output>
        </test-method> <!-- logintest -->
        <test-method signature="logintest(java.lang.String,java.lang.String)[pri:0, instance:paramaterization.dataaccepting@f381794]" started-at="2023-04-16T10:01:56 IST" name="logintest" data-provider="logindataprovider" finished-at="2023-04-16T10:01:56 IST" duration-ms="4" status="PASS">
          <params>
            <param index="0">
              <value>
                <![CDATA[ahdsds@gmail.com]]>
              </value>
            </param>
            <param index="1">
              <value>
                <![CDATA[ndkjdka]]>
              </value>
            </param>
          </params>
          <reporter-output>
          </reporter-output>
        </test-method> <!-- logintest -->
        <test-method signature="logintest(java.lang.String,java.lang.String)[pri:0, instance:paramaterization.dataaccepting@f381794]" started-at="2023-04-16T10:01:56 IST" name="logintest" data-provider="logindataprovider" finished-at="2023-04-16T10:01:56 IST" duration-ms="4" status="PASS">
          <params>
            <param index="0">
              <value>
                <![CDATA[a@gmail]]>
              </value>
            </param>
            <param index="1">
              <value>
                <![CDATA[sadjhsdk]]>
              </value>
            </param>
          </params>
          <reporter-output>
          </reporter-output>
        </test-method> <!-- logintest -->
      </class> <!-- paramaterization.dataaccepting -->
    </test> <!-- Default test -->
  </suite> <!-- Default suite -->
</testng-results>
