<?xml version="1.0" encoding="UTF-8"?>
<!-- Generated by org.testng.reporters.JUnitXMLReporter -->
<testsuite ignored="0" hostname="DESKTOP-236ANO0" failures="0" tests="3" name="Default test" time="0.123" errors="0" timestamp="2023-04-16T10:01:56 IST">
  <testcase classname="paramaterization.dataaccepting" name="logintest" time="0.013"/>
  <testcase classname="paramaterization.dataaccepting" name="logintest" time="0.004"/>
  <testcase classname="paramaterization.dataaccepting" name="logintest" time="0.004"/>
</testsuite> <!-- Default test -->
